# JRE version: OpenJDK Runtime Environment JBR-17.0.9+8-1166-nomod (17.0.9+8) (build 17.0.9+8-b1166)
# Java VM: OpenJDK 64-Bit Server VM JBR-17.0.9+8-1166-nomod (17.0.9+8-b1166, mixed mode, tiered, compressed oops, compressed class ptrs, g1 gc, linux-amd64)
GC Precious Log:
 CPUs: 20 total, 20 available
 Memory: 31882M
 Large Page Support: Disabled
 NUMA Support: Disabled
 Compressed Oops: Enabled (32-bit)
 Heap Region Size: 1M
 Heap Min Capacity: 8M
 Heap Initial Capacity: 500M
 Heap Max Capacity: 1G
 Pre-touch: Disabled
 Parallel Workers: 15
 Concurrent Workers: 4
 Concurrent Refinement Workers: 15
 Periodic GC: Disabled
Heap:
 garbage-first heap   total 314368K, used 189896K [0x00000000c0000000, 0x0000000100000000)
  region size 1024K, 56 young (57344K), 14 survivors (14336K)
 Metaspace       used 151906K, committed 154176K, reserved 1245184K
  class space    used 20369K, committed 21376K, reserved 1048576K
GC Heap History (20 events):
Event: 1.262 GC heap before
{Heap before GC invocations=15 (full 0):
 garbage-first heap   total 116736K, used 90455K [0x00000000c0000000, 0x0000000100000000)
  region size 1024K, 53 young (54272K), 2 survivors (2048K)
 Metaspace       used 75805K, committed 76352K, reserved 1179648K
  class space    used 9836K, committed 10112K, reserved 1048576K
}
Event: 1.265 GC heap after
{Heap after GC invocations=16 (full 0):
 garbage-first heap   total 116736K, used 43010K [0x00000000c0000000, 0x0000000100000000)
  region size 1024K, 7 young (7168K), 7 survivors (7168K)
 Metaspace       used 75805K, committed 76352K, reserved 1179648K
  class space    used 9836K, committed 10112K, reserved 1048576K
}
Event: 1.354 GC heap before
{Heap before GC invocations=16 (full 0):
 garbage-first heap   total 116736K, used 89090K [0x00000000c0000000, 0x0000000100000000)
  region size 1024K, 53 young (54272K), 7 survivors (7168K)
 Metaspace       used 79110K, committed 79680K, reserved 1179648K
  class space    used 10279K, committed 10560K, reserved 1048576K
}
Event: 1.358 GC heap after
{Heap after GC invocations=17 (full 0):
 garbage-first heap   total 314368K, used 46096K [0x00000000c0000000, 0x0000000100000000)
  region size 1024K, 5 young (5120K), 5 survivors (5120K)
 Metaspace       used 79110K, committed 79680K, reserved 1179648K
  class space    used 10279K, committed 10560K, reserved 1048576K
}
Event: 2.172 GC heap before
{Heap before GC invocations=17 (full 0):
 garbage-first heap   total 314368K, used 223248K [0x00000000c0000000, 0x0000000100000000)
  region size 1024K, 179 young (183296K), 5 survivors (5120K)
 Metaspace       used 104452K, committed 105344K, reserved 1179648K
  class space    used 13619K, committed 14016K, reserved 1048576K
}
Event: 2.182 GC heap after
{Heap after GC invocations=18 (full 0):
 garbage-first heap   total 314368K, used 67295K [0x00000000c0000000, 0x0000000100000000)
  region size 1024K, 23 young (23552K), 23 survivors (23552K)
 Metaspace       used 104452K, committed 105344K, reserved 1179648K
  class space    used 13619K, committed 14016K, reserved 1048576K
}
Event: 2.472 GC heap before
{Heap before GC invocations=18 (full 0):
 garbage-first heap   total 314368K, used 214751K [0x00000000c0000000, 0x0000000100000000)
  region size 1024K, 168 young (172032K), 23 survivors (23552K)
 Metaspace       used 119839K, committed 121088K, reserved 1179648K
  class space    used 15840K, committed 16384K, reserved 1048576K
}
Event: 2.481 GC heap after
{Heap after GC invocations=19 (full 0):
 garbage-first heap   total 314368K, used 83098K [0x00000000c0000000, 0x0000000100000000)
  region size 1024K, 18 young (18432K), 18 survivors (18432K)
 Metaspace       used 119839K, committed 121088K, reserved 1179648K
  class space    used 15840K, committed 16384K, reserved 1048576K
}
Event: 2.730 GC heap before
{Heap before GC invocations=20 (full 0):
 garbage-first heap   total 314368K, used 232602K [0x00000000c0000000, 0x0000000100000000)
  region size 1024K, 164 young (167936K), 18 survivors (18432K)
 Metaspace       used 127561K, committed 129088K, reserved 1179648K
  class space    used 16993K, committed 17664K, reserved 1048576K
}
Event: 2.738 GC heap after
{Heap after GC invocations=21 (full 0):
 garbage-first heap   total 314368K, used 95126K [0x00000000c0000000, 0x0000000100000000)
  region size 1024K, 15 young (15360K), 15 survivors (15360K)
 Metaspace       used 127561K, committed 129088K, reserved 1179648K
  class space    used 16993K, committed 17664K, reserved 1048576K
}
Event: 2.739 GC heap before
{Heap before GC invocations=21 (full 0):
 garbage-first heap   total 314368K, used 95126K [0x00000000c0000000, 0x0000000100000000)
  region size 1024K, 16 young (16384K), 15 survivors (15360K)
 Metaspace       used 127584K, committed 129152K, reserved 1179648K
  class space    used 16998K, committed 17728K, reserved 1048576K
}
Event: 2.744 GC heap after
{Heap after GC invocations=22 (full 0):
 garbage-first heap   total 314368K, used 95626K [0x00000000c0000000, 0x0000000100000000)
  region size 1024K, 2 young (2048K), 2 survivors (2048K)
 Metaspace       used 127584K, committed 129152K, reserved 1179648K
  class space    used 16998K, committed 17728K, reserved 1048576K
}
Event: 2.946 GC heap before
{Heap before GC invocations=22 (full 0):
 garbage-first heap   total 314368K, used 236938K [0x00000000c0000000, 0x0000000100000000)
  region size 1024K, 141 young (144384K), 2 survivors (2048K)
 Metaspace       used 140619K, committed 142400K, reserved 1179648K
  class space    used 18706K, committed 19520K, reserved 1048576K
}
Event: 2.956 GC heap after
{Heap after GC invocations=23 (full 0):
 garbage-first heap   total 314368K, used 114458K [0x00000000c0000000, 0x0000000100000000)
  region size 1024K, 18 young (18432K), 18 survivors (18432K)
 Metaspace       used 140619K, committed 142400K, reserved 1179648K
  class space    used 18706K, committed 19520K, reserved 1048576K
}
Event: 3.097 GC heap before
{Heap before GC invocations=24 (full 0):
 garbage-first heap   total 314368K, used 240410K [0x00000000c0000000, 0x0000000100000000)
  region size 1024K, 141 young (144384K), 18 survivors (18432K)
 Metaspace       used 145758K, committed 147648K, reserved 1179648K
  class space    used 19429K, committed 20288K, reserved 1048576K
}
Event: 3.105 GC heap after
{Heap after GC invocations=25 (full 0):
 garbage-first heap   total 314368K, used 131526K [0x00000000c0000000, 0x0000000100000000)
  region size 1024K, 17 young (17408K), 17 survivors (17408K)
 Metaspace       used 145758K, committed 147648K, reserved 1179648K
  class space    used 19429K, committed 20288K, reserved 1048576K
}
Event: 3.107 GC heap before
{Heap before GC invocations=25 (full 0):
 garbage-first heap   total 314368K, used 132550K [0x00000000c0000000, 0x0000000100000000)
  region size 1024K, 18 young (18432K), 17 survivors (17408K)
 Metaspace       used 145760K, committed 147648K, reserved 1179648K
  class space    used 19429K, committed 20288K, reserved 1048576K
}
Event: 3.112 GC heap after
{Heap after GC invocations=26 (full 0):
 garbage-first heap   total 314368K, used 131508K [0x00000000c0000000, 0x0000000100000000)
  region size 1024K, 3 young (3072K), 3 survivors (3072K)
 Metaspace       used 145760K, committed 147648K, reserved 1179648K
  class space    used 19429K, committed 20288K, reserved 1048576K
}
Event: 3.299 GC heap before
{Heap before GC invocations=26 (full 0):
 garbage-first heap   total 314368K, used 241076K [0x00000000c0000000, 0x0000000100000000)
  region size 1024K, 111 young (113664K), 3 survivors (3072K)
 Metaspace       used 150099K, committed 152192K, reserved 1245184K
  class space    used 20097K, committed 21056K, reserved 1048576K
}
Event: 3.310 GC heap after
{Heap after GC invocations=27 (full 0):
 garbage-first heap   total 314368K, used 148936K [0x00000000c0000000, 0x0000000100000000)
  region size 1024K, 14 young (14336K), 14 survivors (14336K)
 Metaspace       used 150099K, committed 152192K, reserved 1245184K
  class space    used 20097K, committed 21056K, reserved 1048576K
}

